Arguments: 
  /opt/homebrew/Cellar/node/20.1.0/bin/node /opt/homebrew/Cellar/yarn/1.22.19/libexec/bin/yarn.js

PATH: 
  /var/folders/ly/zb1cy32n26b1zzdvkbn6_wvm0000gp/T/yarn--1684582389525-0.5650879167703124:/Users/zhanyh/.config/yarn/global/node_modules/.bin:/Users/zhanyh/.config/yarn/link/node_modules/.bin:/opt/homebrew/Cellar/node/20.1.0/libexec/lib/node_modules/npm/bin/node-gyp-bin:/opt/homebrew/Cellar/node/20.1.0/lib/node_modules/npm/bin/node-gyp-bin:/opt/homebrew/Cellar/node/20.1.0/bin/node_modules/npm/bin/node-gyp-bin:/opt/homebrew/bin:/opt/homebrew/sbin:/usr/local/bin:/System/Cryptexes/App/usr/bin:/usr/bin:/bin:/usr/sbin:/sbin:/Library/Apple/usr/bin:/Users/zhanyh/.rvm/bin

Yarn version: 
  1.22.19

Node version: 
  20.1.0

Platform: 
  darwin arm64

Trace: 
  Error [ERR_SOCKET_CONNECTION_TIMEOUT]: Socket connection timeout
      at new NodeError (node:internal/errors:399:5)
      at internalConnectMultiple (node:net:1099:20)
      at Timeout.internalConnectMultipleTimeout (node:net:1638:3)
      at listOnTimeout (node:internal/timers:575:11)
      at process.processTimers (node:internal/timers:514:7)

npm manifest: 
  {
    "private": true,
    "author": "",
    "scripts": {
      "dev": "max dev",
      "build": "max build",
      "format": "prettier --cache --write .",
      "prepare": "husky install",
      "postinstall": "max setup",
      "setup": "max setup",
      "start": "npm run dev"
    },
    "dependencies": {
      "@ant-design/icons": "^5.0.1",
      "@ant-design/pro-components": "^2.4.4",
      "@umijs/max": "^4.0.69",
      "antd": "^5.4.0"
    },
    "devDependencies": {
      "@types/react": "^18.0.33",
      "@types/react-dom": "^18.0.11",
      "husky": "^8.0.3",
      "lint-staged": "^13.2.0",
      "prettier": "^2.8.7",
      "prettier-plugin-organize-imports": "^3.2.2",
      "prettier-plugin-packagejson": "^2.4.3",
      "typescript": "^5.0.3"
    }
  }

yarn manifest: 
  No manifest

Lockfile: 
  No lockfile
